<?xml version="1.0" encoding="UTF-8"?>
<testsuite xmlns:xsi="http://www.w3.org/2001/XMLSchema-instance" xsi:noNamespaceSchemaLocation="https://maven.apache.org/surefire/maven-surefire-plugin/xsd/surefire-test-report.xsd" version="3.0.2" name="com.relax.main.utils.GridUtilTest" time="0.132" tests="2" errors="0" skipped="0" failures="0">
  <properties>
[...]
</properties>
  <testcase name="testGridGeneratedHasNonEMptyCells" classname="com.relax.main.utils.GridUtilTest" time="0.022">
    <system-out><![CDATA[2025-08-10T18:59:09.787+05:30  INFO 29732 --- [spring-boot] [           main] t.c.s.AnnotationConfigContextLoaderUtils : Could not detect default configuration classes for test class [com.relax.main.utils.GridUtilTest]: GridUtilTest does not declare any static, non-private, non-final, nested classes annotated with @Configuration.
2025-08-10T18:59:09.837+05:30  INFO 29732 --- [spring-boot] [           main] .b.t.c.SpringBootTestContextBootstrapper : Found @SpringBootConfiguration com.relax.main.Application for test class com.relax.main.utils.GridUtilTest
2025-08-10T18:59:09.863+05:30  INFO 29732 --- [spring-boot] [           main] com.relax.main.utils.GridUtil            : generating grisd start
2025-08-10T18:59:09.863+05:30  INFO 29732 --- [spring-boot] [           main] com.relax.main.utils.GridUtil            : probNumMap contents: {1=H1, 2=H2, 3=H3, 4=H3, 5=H3, 6=H3, 7=H4, 8=L5, 9=L6, 10=L6, 11=L6, 12=L6, 13=L6, 14=L6, 15=L6, 16=L6, 17=L7, 18=L8, 19=WR, 20=BL}
2025-08-10T18:59:09.864+05:30  INFO 29732 --- [spring-boot] [           main] com.relax.main.utils.GridUtil            : generating grid end
]]></system-out>
  </testcase>
  <testcase name="testGridGeneratedInCOrrectSize" classname="com.relax.main.utils.GridUtilTest" time="0.015">
    <system-out><![CDATA[2025-08-10T18:59:09.896+05:30  INFO 29732 --- [spring-boot] [           main] com.relax.main.utils.GridUtil            : generating grisd start
2025-08-10T18:59:09.897+05:30  INFO 29732 --- [spring-boot] [           main] com.relax.main.utils.GridUtil            : probNumMap contents: {1=H1, 2=H2, 3=H3, 4=H3, 5=H3, 6=H3, 7=H4, 8=L5, 9=L6, 10=L6, 11=L6, 12=L6, 13=L6, 14=L6, 15=L6, 16=L6, 17=L7, 18=L8, 19=WR, 20=BL}
2025-08-10T18:59:09.897+05:30  INFO 29732 --- [spring-boot] [           main] com.relax.main.utils.GridUtil            : generating grid end
]]></system-out>
  </testcase>
</testsuite>